C51 COMPILER V9.54   KEY                                                                   08/24/2024 01:45:24 PAGE 1   


C51 COMPILER V9.54, COMPILATION OF MODULE KEY
OBJECT MODULE PLACED IN .\Objects\Key.obj
COMPILER INVOKED BY: C:\Keil_v5\C51\BIN\C51.EXE ..\15-2 Ö±Á÷µç»úµ÷ËÙ\Key.c OPTIMIZE(8,SPEED) BROWSE DEBUG OBJECTEXTEND P
                    -RINT(.\Listings\Key.lst) OBJECT(.\Objects\Key.obj)

line level    source

   1          #include <REGX52.H>
   2          #include "Delay.h"
   3          
   4          /**
   5            * @brief  è·å–ç‹¬ç«‹æŒ‰é”®é”®ç 
   6            * @param  æ— 
   7            * @retval æŒ‰ä¸‹æŒ‰é”®çš„é”®ç ï¼ŒèŒƒå›´ï¼š0~4ï¼Œæ— æŒ‰é”®æŒ‰ä¸‹æ—¶è¿”å›å€¼ä¸º0
   8            */
   9          unsigned char Key()
  10          {
  11   1              unsigned char KeyNumber=0;
  12   1              
  13   1              if(P3_0==0){Delay(1000);if(P3_0==1) KeyNumber=1;}
  14   1              if(P3_0==1){Delay(500);if(P3_0==0) KeyNumber=2;}
  15   1              if(P3_1==0){Delay(20);while(P3_1==0);Delay(20);KeyNumber=2;}
  16   1              if(P3_2==0){Delay(20);while(P3_2==0);Delay(20);KeyNumber=3;}
  17   1              if(P3_3==0){Delay(20);while(P3_3==0);Delay(20);KeyNumber=4;}
  18   1              if(P3_4==0){Delay(1000);if(P3_4==1) KeyNumber=5;}
  19   1              if(P3_4==1){Delay(1000);if(P3_4==0) KeyNumber=6;}
  20   1              
  21   1              return KeyNumber;
  22   1      }


MODULE INFORMATION:   STATIC OVERLAYABLE
   CODE SIZE        =    139    ----
   CONSTANT SIZE    =   ----    ----
   XDATA SIZE       =   ----    ----
   PDATA SIZE       =   ----    ----
   DATA SIZE        =   ----       1
   IDATA SIZE       =   ----    ----
   BIT SIZE         =   ----    ----
END OF MODULE INFORMATION.


C51 COMPILATION COMPLETE.  0 WARNING(S),  0 ERROR(S)
