C51 COMPILER V9.54   TIMER0                                                                08/24/2024 01:45:24 PAGE 1   


C51 COMPILER V9.54, COMPILATION OF MODULE TIMER0
OBJECT MODULE PLACED IN .\Objects\Timer0.obj
COMPILER INVOKED BY: C:\Keil_v5\C51\BIN\C51.EXE Timer0.c OPTIMIZE(8,SPEED) BROWSE DEBUG OBJECTEXTEND PRINT(.\Listings\Ti
                    -mer0.lst) OBJECT(.\Objects\Timer0.obj)

line level    source

   1          #include <REGX52.H>
   2          
   3          //void Timer0Init(void)         //100微秒@11.0592MHz
   4          //{
   5          //      TMOD &= 0xF0;           //设置定时器模式
   6          //      TMOD |= 0x02;           //设置定时器模式
   7          //      TL0 = 0xA4;             //设置定时初值
   8          //      TH0 = 0xA4;             //设置定时重载值
   9          //      TF0 = 0;                //清除TF0标志
  10          //      TR0 = 1;                //定时器0开始计时
  11          //      ET0=1;
  12          //      EA=1;
  13          //      PT0=0;
  14          
  15          //}
  16          
  17          /**
  18            * @brief  定时器0初始化，100us@12.000MHz
  19            * @param  无
  20            * @retval 无
  21            */
  22          void Timer0_Init(void)
  23          {
  24   1              TMOD &= 0xF0;           //设置定时器模式
  25   1              TMOD |= 0x01;           //设置定时器模式
  26   1              TL0 = 0x9C;             //设置定时初值
  27   1              TH0 = 0xFF;             //设置定时初值
  28   1              TF0 = 0;                //清除TF0标志
  29   1              TR0 = 1;                //定时器0开始计时
  30   1              ET0=1;
  31   1              EA=1;
  32   1              PT0=0;
  33   1      }
  34          
  35          /*定时器中断函数模板
  36          void Timer0_Routine() interrupt 1
  37          {
  38                  static unsigned int T0Count;
  39                  TL0 = 0x9C;             //设置定时初值
  40                  TH0 = 0xFF;             //设置定时初值
  41                  T0Count++;
  42                  if(T0Count>=1000)
  43                  {
  44                          T0Count=0;
  45                          
  46                  }
  47          }
  48          */


MODULE INFORMATION:   STATIC OVERLAYABLE
   CODE SIZE        =     23    ----
   CONSTANT SIZE    =   ----    ----
   XDATA SIZE       =   ----    ----
C51 COMPILER V9.54   TIMER0                                                                08/24/2024 01:45:24 PAGE 2   

   PDATA SIZE       =   ----    ----
   DATA SIZE        =   ----    ----
   IDATA SIZE       =   ----    ----
   BIT SIZE         =   ----    ----
END OF MODULE INFORMATION.


C51 COMPILATION COMPLETE.  0 WARNING(S),  0 ERROR(S)
